<?xml version="1.0" encoding="UTF-8"?>
<testsuite xmlns:xsi="http://www.w3.org/2001/XMLSchema-instance" xsi:schemaLocation="https://maven.apache.org/surefire/maven-surefire-plugin/xsd/surefire-test-report.xsd" name="com.example.geektrust.MetroServiceImplTest" time="0.873" tests="6" errors="0" skipped="0" failures="0">
  <properties>
[...]
</properties>
  <testcase name="testPrintSummary" classname="com.example.geektrust.MetroServiceImplTest" time="0.565"/>
  <testcase name="testIfDiscountIsGiven" classname="com.example.geektrust.MetroServiceImplTest" time="0.007"/>
  <testcase name="testCheckInWhenMetroCardISValid" classname="com.example.geektrust.MetroServiceImplTest" time="0.002"/>
  <testcase name="rechargeIfBalanceIsLessThanTripCharge" classname="com.example.geektrust.MetroServiceImplTest" time="0"/>
  <testcase name="testWhenMetroCardIsInValid" classname="com.example.geektrust.MetroServiceImplTest" time="0.005"/>
  <testcase name="testCreateMetroCard" classname="com.example.geektrust.MetroServiceImplTest" time="0.003"/>
</testsuite>